android/app/build/intermediates/manifest_merge_blame_file/release/manifest-merger-blame-release-report.txt
1<?xml version="1.0" encoding="utf-8"?>
2<manifest xmlns:android="http://schemas.android.com/apk/res/android"
3    package="com.kinggambit"
4    android:versionCode="1"
5    android:versionName="1.0" >
6
7    <uses-sdk
8        android:minSdkVersion="21"
8-->src/main/AndroidManifest.xml
9        android:targetSdkVersion="31" />
9-->src/main/AndroidManifest.xml
10
11    <uses-permission android:name="android.permission.INTERNET" />
11-->src/main/AndroidManifest.xml:4:5-67
11-->src/main/AndroidManifest.xml:4:22-64
12    <uses-permission android:name="android.permission.ACCESS_FINE_LOCATION" />
12-->src/main/AndroidManifest.xml:5:1-75
12-->src/main/AndroidManifest.xml:5:18-72
13    <uses-permission android:name="android.permission.ACCESS_COARSE_LOCATION" />
13-->src/main/AndroidManifest.xml:6:1-76
13-->src/main/AndroidManifest.xml:6:18-74
14    <uses-permission android:name="android.permission.WAKE_LOCK" />
14-->[:react-native-firebase_database] AndroidManifest.xml:10:5-68
14-->[:react-native-firebase_database] AndroidManifest.xml:10:22-65
15    <uses-permission android:name="android.permission.ACCESS_NETWORK_STATE" />
15-->[:react-native-firebase_database] AndroidManifest.xml:11:5-79
15-->[:react-native-firebase_database] AndroidManifest.xml:11:22-76
16    <uses-permission android:name="android.permission.POST_NOTIFICATIONS" /> <!-- Required by older versions of Google Play services to create IID tokens -->
16-->[com.google.firebase:firebase-messaging:23.0.7] AndroidManifest.xml:26:5-77
16-->[com.google.firebase:firebase-messaging:23.0.7] AndroidManifest.xml:26:22-74
17    <uses-permission android:name="com.google.android.c2dm.permission.RECEIVE" />
17-->[com.google.firebase:firebase-messaging:23.0.7] AndroidManifest.xml:29:5-82
17-->[com.google.firebase:firebase-messaging:23.0.7] AndroidManifest.xml:29:22-79
18
19    <uses-feature
19-->[com.google.android.gms:play-services-maps:18.0.2] AndroidManifest.xml:26:5-28:35
20        android:glEsVersion="0x00020000"
20-->[com.google.android.gms:play-services-maps:18.0.2] AndroidManifest.xml:27:9-41
21        android:required="true" />
21-->[com.google.android.gms:play-services-maps:18.0.2] AndroidManifest.xml:28:9-32
22
23    <queries>
23-->[com.google.android.gms:play-services-maps:18.0.2] AndroidManifest.xml:30:5-34:15
24
25        <!-- Needs to be explicitly declared on Android R+ -->
26        <package android:name="com.google.android.apps.maps" />
26-->[com.google.android.gms:play-services-maps:18.0.2] AndroidManifest.xml:33:9-64
26-->[com.google.android.gms:play-services-maps:18.0.2] AndroidManifest.xml:33:18-61
27    </queries>
28
29    <uses-permission android:name="android.permission.RECEIVE_BOOT_COMPLETED" />
29-->[androidx.work:work-runtime:2.7.1] AndroidManifest.xml:27:5-81
29-->[androidx.work:work-runtime:2.7.1] AndroidManifest.xml:27:22-78
30    <uses-permission android:name="android.permission.FOREGROUND_SERVICE" />
30-->[androidx.work:work-runtime:2.7.1] AndroidManifest.xml:28:5-77
30-->[androidx.work:work-runtime:2.7.1] AndroidManifest.xml:28:22-74
31    <uses-permission android:name="android.permission.VIBRATE" />
31-->[app.notifee:core:202108261754] AndroidManifest.xml:12:5-66
31-->[app.notifee:core:202108261754] AndroidManifest.xml:12:22-63
32    <uses-permission android:name="android.permission.USE_FULL_SCREEN_INTENT" />
32-->[app.notifee:core:202108261754] AndroidManifest.xml:15:5-81
32-->[app.notifee:core:202108261754] AndroidManifest.xml:15:22-78
33    <uses-permission android:name="android.permission.SCHEDULE_EXACT_ALARM" />
33-->[app.notifee:core:202108261754] AndroidManifest.xml:16:5-79
33-->[app.notifee:core:202108261754] AndroidManifest.xml:16:22-76
34    <uses-permission
34-->[app.notifee:core:202108261754] AndroidManifest.xml:17:5-19:38
35        android:name="android.permission.BROADCAST_CLOSE_SYSTEM_DIALOGS"
35-->[app.notifee:core:202108261754] AndroidManifest.xml:18:9-73
36        android:maxSdkVersion="30" /> <!-- For Xiaomi devices to enable heads-up notifications as default (https://github.com/invertase/notifee/issues/296) -->
36-->[app.notifee:core:202108261754] AndroidManifest.xml:19:9-35
37    <uses-permission
37-->[app.notifee:core:202108261754] AndroidManifest.xml:21:5-23:38
38        android:name="android.permission.ACCESS_NOTIFICATION_POLICY"
38-->[app.notifee:core:202108261754] AndroidManifest.xml:22:9-69
39        android:minSdkVersion="23" />
39-->[app.notifee:core:202108261754] AndroidManifest.xml:23:9-35
40    <uses-permission android:name="com.google.android.finsky.permission.BIND_GET_INSTALL_REFERRER_SERVICE" /> <!-- for android -->
40-->[com.android.installreferrer:installreferrer:1.1.2] AndroidManifest.xml:9:5-110
40-->[com.android.installreferrer:installreferrer:1.1.2] AndroidManifest.xml:9:22-107
41    <!-- <uses-permission android:name="com.android.launcher.permission.READ_SETTINGS"/> -->
42    <!-- <uses-permission android:name="com.android.launcher.permission.WRITE_SETTINGS"/> -->
43    <!-- <uses-permission android:name="com.android.launcher.permission.INSTALL_SHORTCUT" /> -->
44    <!-- <uses-permission android:name="com.android.launcher.permission.UNINSTALL_SHORTCUT" /> -->
45    <!-- for Samsung -->
46    <uses-permission android:name="com.sec.android.provider.badge.permission.READ" />
46-->[me.leolin:ShortcutBadger:1.1.22] AndroidManifest.xml:19:5-86
46-->[me.leolin:ShortcutBadger:1.1.22] AndroidManifest.xml:19:22-83
47    <uses-permission android:name="com.sec.android.provider.badge.permission.WRITE" /> <!-- for htc -->
47-->[me.leolin:ShortcutBadger:1.1.22] AndroidManifest.xml:20:5-87
47-->[me.leolin:ShortcutBadger:1.1.22] AndroidManifest.xml:20:22-84
48    <uses-permission android:name="com.htc.launcher.permission.READ_SETTINGS" />
48-->[me.leolin:ShortcutBadger:1.1.22] AndroidManifest.xml:23:5-81
48-->[me.leolin:ShortcutBadger:1.1.22] AndroidManifest.xml:23:22-78
49    <uses-permission android:name="com.htc.launcher.permission.UPDATE_SHORTCUT" /> <!-- for sony -->
49-->[me.leolin:ShortcutBadger:1.1.22] AndroidManifest.xml:24:5-83
49-->[me.leolin:ShortcutBadger:1.1.22] AndroidManifest.xml:24:22-80
50    <uses-permission android:name="com.sonyericsson.home.permission.BROADCAST_BADGE" />
50-->[me.leolin:ShortcutBadger:1.1.22] AndroidManifest.xml:27:5-88
50-->[me.leolin:ShortcutBadger:1.1.22] AndroidManifest.xml:27:22-85
51    <uses-permission android:name="com.sonymobile.home.permission.PROVIDER_INSERT_BADGE" /> <!-- for apex -->
51-->[me.leolin:ShortcutBadger:1.1.22] AndroidManifest.xml:28:5-92
51-->[me.leolin:ShortcutBadger:1.1.22] AndroidManifest.xml:28:22-89
52    <uses-permission android:name="com.anddoes.launcher.permission.UPDATE_COUNT" /> <!-- for solid -->
52-->[me.leolin:ShortcutBadger:1.1.22] AndroidManifest.xml:31:5-84
52-->[me.leolin:ShortcutBadger:1.1.22] AndroidManifest.xml:31:22-81
53    <uses-permission android:name="com.majeur.launcher.permission.UPDATE_BADGE" /> <!-- for huawei -->
53-->[me.leolin:ShortcutBadger:1.1.22] AndroidManifest.xml:34:5-83
53-->[me.leolin:ShortcutBadger:1.1.22] AndroidManifest.xml:34:22-80
54    <uses-permission android:name="com.huawei.android.launcher.permission.CHANGE_BADGE" />
54-->[me.leolin:ShortcutBadger:1.1.22] AndroidManifest.xml:37:5-91
54-->[me.leolin:ShortcutBadger:1.1.22] AndroidManifest.xml:37:22-88
55    <uses-permission android:name="com.huawei.android.launcher.permission.READ_SETTINGS" />
55-->[me.leolin:ShortcutBadger:1.1.22] AndroidManifest.xml:38:5-92
55-->[me.leolin:ShortcutBadger:1.1.22] AndroidManifest.xml:38:22-89
56    <uses-permission android:name="com.huawei.android.launcher.permission.WRITE_SETTINGS" /> <!-- for ZUK -->
56-->[me.leolin:ShortcutBadger:1.1.22] AndroidManifest.xml:39:5-93
56-->[me.leolin:ShortcutBadger:1.1.22] AndroidManifest.xml:39:22-90
57    <uses-permission android:name="android.permission.READ_APP_BADGE" /> <!-- for OPPO -->
57-->[me.leolin:ShortcutBadger:1.1.22] AndroidManifest.xml:42:5-73
57-->[me.leolin:ShortcutBadger:1.1.22] AndroidManifest.xml:42:22-70
58    <uses-permission android:name="com.oppo.launcher.permission.READ_SETTINGS" />
58-->[me.leolin:ShortcutBadger:1.1.22] AndroidManifest.xml:45:5-82
58-->[me.leolin:ShortcutBadger:1.1.22] AndroidManifest.xml:45:22-79
59    <uses-permission android:name="com.oppo.launcher.permission.WRITE_SETTINGS" /> <!-- for EvMe -->
59-->[me.leolin:ShortcutBadger:1.1.22] AndroidManifest.xml:46:5-83
59-->[me.leolin:ShortcutBadger:1.1.22] AndroidManifest.xml:46:22-80
60    <uses-permission android:name="me.everything.badger.permission.BADGE_COUNT_READ" />
60-->[me.leolin:ShortcutBadger:1.1.22] AndroidManifest.xml:49:5-88
60-->[me.leolin:ShortcutBadger:1.1.22] AndroidManifest.xml:49:22-85
61    <uses-permission android:name="me.everything.badger.permission.BADGE_COUNT_WRITE" />
61-->[me.leolin:ShortcutBadger:1.1.22] AndroidManifest.xml:50:5-89
61-->[me.leolin:ShortcutBadger:1.1.22] AndroidManifest.xml:50:22-86
62
63    <application
63-->src/main/AndroidManifest.xml:8:5-32:19
64        android:name="com.kinggambit.MainApplication"
64-->src/main/AndroidManifest.xml:9:7-38
65        android:allowBackup="false"
65-->src/main/AndroidManifest.xml:13:7-34
66        android:appComponentFactory="androidx.core.app.CoreComponentFactory"
66-->[androidx.core:core:1.6.0] AndroidManifest.xml:24:18-86
67        android:icon="@mipmap/ic_launcher"
67-->src/main/AndroidManifest.xml:11:7-41
68        android:label="@string/app_name"
68-->src/main/AndroidManifest.xml:10:7-39
69        android:roundIcon="@mipmap/ic_launcher_round"
69-->src/main/AndroidManifest.xml:12:7-52
70        android:theme="@style/AppTheme" >
70-->src/main/AndroidManifest.xml:14:7-38
71        <activity
71-->src/main/AndroidManifest.xml:15:7-26:18
72            android:name="com.kinggambit.MainActivity"
72-->src/main/AndroidManifest.xml:16:9-37
73            android:configChanges="keyboard|keyboardHidden|orientation|screenSize|uiMode"
73-->src/main/AndroidManifest.xml:19:9-86
74            android:exported="true"
74-->src/main/AndroidManifest.xml:18:17-40
75            android:label="@string/app_name"
75-->src/main/AndroidManifest.xml:17:9-41
76            android:launchMode="singleTask"
76-->src/main/AndroidManifest.xml:20:9-40
77            android:windowSoftInputMode="adjustResize" >
77-->src/main/AndroidManifest.xml:21:9-51
78            <intent-filter>
78-->src/main/AndroidManifest.xml:22:9-25:25
79                <action android:name="android.intent.action.MAIN" />
79-->src/main/AndroidManifest.xml:23:13-65
79-->src/main/AndroidManifest.xml:23:21-62
80
81                <category android:name="android.intent.category.LAUNCHER" />
81-->src/main/AndroidManifest.xml:24:13-73
81-->src/main/AndroidManifest.xml:24:23-70
82            </intent-filter>
83        </activity>
84
85        <meta-data
85-->src/main/AndroidManifest.xml:27:16-29:63
86            android:name="com.google.android.geo.API_KEY"
86-->src/main/AndroidManifest.xml:28:6-51
87            android:value="AIzaSyDCRFvmRovo6gMuJ2hgVkQvp1VY35XnJLY" />
87-->src/main/AndroidManifest.xml:29:6-61
88
89        <provider
89-->[:notifee_react-native] AndroidManifest.xml:10:9-14:40
90            android:name="io.invertase.notifee.NotifeeInitProvider"
90-->[:notifee_react-native] AndroidManifest.xml:11:13-68
91            android:authorities="com.kinggambit.notifee-init-provider"
91-->[:notifee_react-native] AndroidManifest.xml:12:13-73
92            android:exported="false"
92-->[:notifee_react-native] AndroidManifest.xml:13:13-37
93            android:initOrder="-100" />
93-->[:notifee_react-native] AndroidManifest.xml:14:13-37
94
95        <service
95-->[:react-native-firebase_messaging] AndroidManifest.xml:14:9-16:40
96            android:name="io.invertase.firebase.messaging.ReactNativeFirebaseMessagingHeadlessService"
96-->[:react-native-firebase_messaging] AndroidManifest.xml:15:13-103
97            android:exported="false" />
97-->[:react-native-firebase_messaging] AndroidManifest.xml:16:13-37
98        <service
98-->[:react-native-firebase_messaging] AndroidManifest.xml:17:9-23:19
99            android:name="io.invertase.firebase.messaging.ReactNativeFirebaseMessagingService"
99-->[:react-native-firebase_messaging] AndroidManifest.xml:18:13-95
100            android:exported="false" >
100-->[:react-native-firebase_messaging] AndroidManifest.xml:19:13-37
101            <intent-filter>
101-->[:react-native-firebase_messaging] AndroidManifest.xml:20:13-22:29
102                <action android:name="com.google.firebase.MESSAGING_EVENT" />
102-->[:react-native-firebase_messaging] AndroidManifest.xml:21:17-78
102-->[:react-native-firebase_messaging] AndroidManifest.xml:21:25-75
103            </intent-filter>
104        </service>
105
106        <receiver
106-->[:react-native-firebase_messaging] AndroidManifest.xml:25:9-32:20
107            android:name="io.invertase.firebase.messaging.ReactNativeFirebaseMessagingReceiver"
107-->[:react-native-firebase_messaging] AndroidManifest.xml:26:13-96
108            android:exported="true"
108-->[:react-native-firebase_messaging] AndroidManifest.xml:27:13-36
109            android:permission="com.google.android.c2dm.permission.SEND" >
109-->[:react-native-firebase_messaging] AndroidManifest.xml:28:13-73
110            <intent-filter>
110-->[:react-native-firebase_messaging] AndroidManifest.xml:29:13-31:29
111                <action android:name="com.google.android.c2dm.intent.RECEIVE" />
111-->[:react-native-firebase_messaging] AndroidManifest.xml:30:17-81
111-->[:react-native-firebase_messaging] AndroidManifest.xml:30:25-78
112            </intent-filter>
113        </receiver>
114
115        <meta-data
115-->[:react-native-firebase_messaging] AndroidManifest.xml:34:9-36:36
116            android:name="firebase_messaging_auto_init_enabled"
116-->[:react-native-firebase_messaging] AndroidManifest.xml:35:13-64
117            android:value="true" />
117-->[:react-native-firebase_messaging] AndroidManifest.xml:36:13-33
118        <meta-data
118-->[:react-native-firebase_messaging] AndroidManifest.xml:37:9-39:32
119            android:name="com.google.firebase.messaging.default_notification_channel_id"
119-->[:react-native-firebase_messaging] AndroidManifest.xml:38:13-89
120            android:value="" />
120-->[:react-native-firebase_messaging] AndroidManifest.xml:39:13-29
121        <meta-data
121-->[:react-native-firebase_messaging] AndroidManifest.xml:40:9-42:47
122            android:name="com.google.firebase.messaging.default_notification_color"
122-->[:react-native-firebase_messaging] AndroidManifest.xml:41:13-84
123            android:resource="@color/white" />
123-->[:react-native-firebase_messaging] AndroidManifest.xml:42:13-44
124        <meta-data
124-->[:react-native-firebase_app] AndroidManifest.xml:11:9-13:36
125            android:name="app_data_collection_default_enabled"
125-->[:react-native-firebase_app] AndroidManifest.xml:12:13-63
126            android:value="true" />
126-->[:react-native-firebase_app] AndroidManifest.xml:13:13-33
127
128        <service
128-->[:react-native-firebase_app] AndroidManifest.xml:15:9-23:19
129            android:name="com.google.firebase.components.ComponentDiscoveryService"
129-->[:react-native-firebase_app] AndroidManifest.xml:16:13-84
130            android:directBootAware="true"
130-->[:react-native-firebase_app] AndroidManifest.xml:17:13-43
131            android:exported="false" >
131-->[:react-native-firebase_app] AndroidManifest.xml:18:13-37
132            <meta-data
132-->[:react-native-firebase_app] AndroidManifest.xml:20:13-22:85
133                android:name="com.google.firebase.components:io.invertase.firebase.app.ReactNativeFirebaseAppRegistrar"
133-->[:react-native-firebase_app] AndroidManifest.xml:21:17-120
134                android:value="com.google.firebase.components.ComponentRegistrar" />
134-->[:react-native-firebase_app] AndroidManifest.xml:22:17-82
135            <meta-data
135-->[com.google.firebase:firebase-messaging:23.0.7] AndroidManifest.xml:56:13-58:85
136                android:name="com.google.firebase.components:com.google.firebase.messaging.FirebaseMessagingRegistrar"
136-->[com.google.firebase:firebase-messaging:23.0.7] AndroidManifest.xml:57:17-119
137                android:value="com.google.firebase.components.ComponentRegistrar" />
137-->[com.google.firebase:firebase-messaging:23.0.7] AndroidManifest.xml:58:17-82
138            <meta-data
138-->[com.google.firebase:firebase-datatransport:18.1.5] AndroidManifest.xml:28:13-30:85
139                android:name="com.google.firebase.components:com.google.firebase.datatransport.TransportRegistrar"
139-->[com.google.firebase:firebase-datatransport:18.1.5] AndroidManifest.xml:29:17-115
140                android:value="com.google.firebase.components.ComponentRegistrar" />
140-->[com.google.firebase:firebase-datatransport:18.1.5] AndroidManifest.xml:30:17-82
141            <meta-data
141-->[com.google.firebase:firebase-database:20.0.5] AndroidManifest.xml:32:13-34:85
142                android:name="com.google.firebase.components:com.google.firebase.database.DatabaseRegistrar"
142-->[com.google.firebase:firebase-database:20.0.5] AndroidManifest.xml:33:17-109
143                android:value="com.google.firebase.components.ComponentRegistrar" />
143-->[com.google.firebase:firebase-database:20.0.5] AndroidManifest.xml:34:17-82
144            <meta-data
144-->[com.google.firebase:firebase-installations:17.0.1] AndroidManifest.xml:18:13-20:85
145                android:name="com.google.firebase.components:com.google.firebase.installations.FirebaseInstallationsRegistrar"
145-->[com.google.firebase:firebase-installations:17.0.1] AndroidManifest.xml:19:17-127
146                android:value="com.google.firebase.components.ComponentRegistrar" />
146-->[com.google.firebase:firebase-installations:17.0.1] AndroidManifest.xml:20:17-82
147        </service>
148
149        <provider
149-->[:react-native-firebase_app] AndroidManifest.xml:25:9-29:38
150            android:name="io.invertase.firebase.app.ReactNativeFirebaseAppInitProvider"
150-->[:react-native-firebase_app] AndroidManifest.xml:26:13-88
151            android:authorities="com.kinggambit.reactnativefirebaseappinitprovider"
151-->[:react-native-firebase_app] AndroidManifest.xml:27:13-86
152            android:exported="false"
152-->[:react-native-firebase_app] AndroidManifest.xml:28:13-37
153            android:initOrder="99" />
153-->[:react-native-firebase_app] AndroidManifest.xml:29:13-35
154
155        <receiver
155-->[com.google.firebase:firebase-messaging:23.0.7] AndroidManifest.xml:32:9-39:20
156            android:name="com.google.firebase.iid.FirebaseInstanceIdReceiver"
156-->[com.google.firebase:firebase-messaging:23.0.7] AndroidManifest.xml:33:13-78
157            android:exported="true"
157-->[com.google.firebase:firebase-messaging:23.0.7] AndroidManifest.xml:34:13-36
158            android:permission="com.google.android.c2dm.permission.SEND" >
158-->[com.google.firebase:firebase-messaging:23.0.7] AndroidManifest.xml:35:13-73
159            <intent-filter>
159-->[:react-native-firebase_messaging] AndroidManifest.xml:29:13-31:29
160                <action android:name="com.google.android.c2dm.intent.RECEIVE" />
160-->[:react-native-firebase_messaging] AndroidManifest.xml:30:17-81
160-->[:react-native-firebase_messaging] AndroidManifest.xml:30:25-78
161            </intent-filter>
162        </receiver>
163        <!--
164             FirebaseMessagingService performs security checks at runtime,
165             but set to not exported to explicitly avoid allowing another app to call it.
166        -->
167        <service
167-->[com.google.firebase:firebase-messaging:23.0.7] AndroidManifest.xml:45:9-52:19
168            android:name="com.google.firebase.messaging.FirebaseMessagingService"
168-->[com.google.firebase:firebase-messaging:23.0.7] AndroidManifest.xml:46:13-82
169            android:directBootAware="true"
169-->[com.google.firebase:firebase-messaging:23.0.7] AndroidManifest.xml:47:13-43
170            android:exported="false" >
170-->[com.google.firebase:firebase-messaging:23.0.7] AndroidManifest.xml:48:13-37
171            <intent-filter android:priority="-500" >
171-->[:react-native-firebase_messaging] AndroidManifest.xml:20:13-22:29
172                <action android:name="com.google.firebase.MESSAGING_EVENT" />
172-->[:react-native-firebase_messaging] AndroidManifest.xml:21:17-78
172-->[:react-native-firebase_messaging] AndroidManifest.xml:21:25-75
173            </intent-filter>
174        </service>
175        <service
175-->[com.google.android.datatransport:transport-backend-cct:3.1.6] AndroidManifest.xml:29:9-35:19
176            android:name="com.google.android.datatransport.runtime.backends.TransportBackendDiscovery"
176-->[com.google.android.datatransport:transport-backend-cct:3.1.6] AndroidManifest.xml:30:13-103
177            android:exported="false" >
177-->[com.google.android.datatransport:transport-backend-cct:3.1.6] AndroidManifest.xml:31:13-37
178            <meta-data
178-->[com.google.android.datatransport:transport-backend-cct:3.1.6] AndroidManifest.xml:32:13-34:39
179                android:name="backend:com.google.android.datatransport.cct.CctBackendFactory"
179-->[com.google.android.datatransport:transport-backend-cct:3.1.6] AndroidManifest.xml:33:17-94
180                android:value="cct" />
180-->[com.google.android.datatransport:transport-backend-cct:3.1.6] AndroidManifest.xml:34:17-36
181        </service>
182        <service
182-->[com.google.android.datatransport:transport-runtime:3.1.6] AndroidManifest.xml:26:9-30:19
183            android:name="com.google.android.datatransport.runtime.scheduling.jobscheduling.JobInfoSchedulerService"
183-->[com.google.android.datatransport:transport-runtime:3.1.6] AndroidManifest.xml:27:13-117
184            android:exported="false"
184-->[com.google.android.datatransport:transport-runtime:3.1.6] AndroidManifest.xml:28:13-37
185            android:permission="android.permission.BIND_JOB_SERVICE" >
185-->[com.google.android.datatransport:transport-runtime:3.1.6] AndroidManifest.xml:29:13-69
186        </service>
187
188        <receiver
188-->[com.google.android.datatransport:transport-runtime:3.1.6] AndroidManifest.xml:32:9-34:40
189            android:name="com.google.android.datatransport.runtime.scheduling.jobscheduling.AlarmManagerSchedulerBroadcastReceiver"
189-->[com.google.android.datatransport:transport-runtime:3.1.6] AndroidManifest.xml:33:13-132
190            android:exported="false" />
190-->[com.google.android.datatransport:transport-runtime:3.1.6] AndroidManifest.xml:34:13-37
191
192        <activity
192-->[com.google.android.gms:play-services-auth:20.2.0] AndroidManifest.xml:23:9-27:75
193            android:name="com.google.android.gms.auth.api.signin.internal.SignInHubActivity"
193-->[com.google.android.gms:play-services-auth:20.2.0] AndroidManifest.xml:24:13-93
194            android:excludeFromRecents="true"
194-->[com.google.android.gms:play-services-auth:20.2.0] AndroidManifest.xml:25:13-46
195            android:exported="false"
195-->[com.google.android.gms:play-services-auth:20.2.0] AndroidManifest.xml:26:13-37
196            android:theme="@android:style/Theme.Translucent.NoTitleBar" />
196-->[com.google.android.gms:play-services-auth:20.2.0] AndroidManifest.xml:27:13-72
197        <!--
198            Service handling Google Sign-In user revocation. For apps that do not integrate with
199            Google Sign-In, this service will never be started.
200        -->
201        <service
201-->[com.google.android.gms:play-services-auth:20.2.0] AndroidManifest.xml:33:9-37:51
202            android:name="com.google.android.gms.auth.api.signin.RevocationBoundService"
202-->[com.google.android.gms:play-services-auth:20.2.0] AndroidManifest.xml:34:13-89
203            android:exported="true"
203-->[com.google.android.gms:play-services-auth:20.2.0] AndroidManifest.xml:35:13-36
204            android:permission="com.google.android.gms.auth.api.signin.permission.REVOCATION_NOTIFICATION"
204-->[com.google.android.gms:play-services-auth:20.2.0] AndroidManifest.xml:36:13-107
205            android:visibleToInstantApps="true" /> <!-- Needs to be explicitly declared on P+ -->
205-->[com.google.android.gms:play-services-auth:20.2.0] AndroidManifest.xml:37:13-48
206        <uses-library
206-->[com.google.android.gms:play-services-maps:18.0.2] AndroidManifest.xml:39:9-41:40
207            android:name="org.apache.http.legacy"
207-->[com.google.android.gms:play-services-maps:18.0.2] AndroidManifest.xml:40:13-50
208            android:required="false" />
208-->[com.google.android.gms:play-services-maps:18.0.2] AndroidManifest.xml:41:13-37
209
210        <activity
210-->[com.google.android.gms:play-services-base:18.1.0] AndroidManifest.xml:20:9-22:45
211            android:name="com.google.android.gms.common.api.GoogleApiActivity"
211-->[com.google.android.gms:play-services-base:18.1.0] AndroidManifest.xml:20:19-85
212            android:exported="false"
212-->[com.google.android.gms:play-services-base:18.1.0] AndroidManifest.xml:22:19-43
213            android:theme="@android:style/Theme.Translucent.NoTitleBar" />
213-->[com.google.android.gms:play-services-base:18.1.0] AndroidManifest.xml:21:19-78
214
215        <provider
215-->[com.google.firebase:firebase-common:20.1.1] AndroidManifest.xml:26:9-31:39
216            android:name="com.google.firebase.provider.FirebaseInitProvider"
216-->[com.google.firebase:firebase-common:20.1.1] AndroidManifest.xml:27:13-77
217            android:authorities="com.kinggambit.firebaseinitprovider"
217-->[com.google.firebase:firebase-common:20.1.1] AndroidManifest.xml:28:13-72
218            android:directBootAware="true"
218-->[com.google.firebase:firebase-common:20.1.1] AndroidManifest.xml:29:13-43
219            android:exported="false"
219-->[com.google.firebase:firebase-common:20.1.1] AndroidManifest.xml:30:13-37
220            android:initOrder="100" />
220-->[com.google.firebase:firebase-common:20.1.1] AndroidManifest.xml:31:13-36
221
222        <meta-data
222-->[com.google.android.gms:play-services-basement:18.1.0] AndroidManifest.xml:21:9-23:69
223            android:name="com.google.android.gms.version"
223-->[com.google.android.gms:play-services-basement:18.1.0] AndroidManifest.xml:22:13-58
224            android:value="@integer/google_play_services_version" />
224-->[com.google.android.gms:play-services-basement:18.1.0] AndroidManifest.xml:23:13-66
225
226        <provider
226-->[androidx.work:work-runtime:2.7.1] AndroidManifest.xml:31:9-39:20
227            android:name="androidx.startup.InitializationProvider"
227-->[androidx.work:work-runtime:2.7.1] AndroidManifest.xml:32:13-67
228            android:authorities="com.kinggambit.androidx-startup"
228-->[androidx.work:work-runtime:2.7.1] AndroidManifest.xml:33:13-68
229            android:exported="false" >
229-->[androidx.work:work-runtime:2.7.1] AndroidManifest.xml:34:13-37
230            <meta-data
230-->[androidx.work:work-runtime:2.7.1] AndroidManifest.xml:36:13-38:52
231                android:name="androidx.work.WorkManagerInitializer"
231-->[androidx.work:work-runtime:2.7.1] AndroidManifest.xml:37:17-68
232                android:value="androidx.startup" />
232-->[androidx.work:work-runtime:2.7.1] AndroidManifest.xml:38:17-49
233        </provider>
234
235        <service
235-->[androidx.work:work-runtime:2.7.1] AndroidManifest.xml:41:9-46:35
236            android:name="androidx.work.impl.background.systemalarm.SystemAlarmService"
236-->[androidx.work:work-runtime:2.7.1] AndroidManifest.xml:42:13-88
237            android:directBootAware="false"
237-->[androidx.work:work-runtime:2.7.1] AndroidManifest.xml:43:13-44
238            android:enabled="@bool/enable_system_alarm_service_default"
238-->[androidx.work:work-runtime:2.7.1] AndroidManifest.xml:44:13-72
239            android:exported="false" />
239-->[androidx.work:work-runtime:2.7.1] AndroidManifest.xml:45:13-37
240        <service
240-->[androidx.work:work-runtime:2.7.1] AndroidManifest.xml:47:9-53:35
241            android:name="androidx.work.impl.background.systemjob.SystemJobService"
241-->[androidx.work:work-runtime:2.7.1] AndroidManifest.xml:48:13-84
242            android:directBootAware="false"
242-->[androidx.work:work-runtime:2.7.1] AndroidManifest.xml:49:13-44
243            android:enabled="@bool/enable_system_job_service_default"
243-->[androidx.work:work-runtime:2.7.1] AndroidManifest.xml:50:13-70
244            android:exported="true"
244-->[androidx.work:work-runtime:2.7.1] AndroidManifest.xml:51:13-36
245            android:permission="android.permission.BIND_JOB_SERVICE" />
245-->[androidx.work:work-runtime:2.7.1] AndroidManifest.xml:52:13-69
246        <service
246-->[androidx.work:work-runtime:2.7.1] AndroidManifest.xml:54:9-59:35
247            android:name="androidx.work.impl.foreground.SystemForegroundService"
247-->[androidx.work:work-runtime:2.7.1] AndroidManifest.xml:55:13-81
248            android:directBootAware="false"
248-->[androidx.work:work-runtime:2.7.1] AndroidManifest.xml:56:13-44
249            android:enabled="@bool/enable_system_foreground_service_default"
249-->[androidx.work:work-runtime:2.7.1] AndroidManifest.xml:57:13-77
250            android:exported="false" />
250-->[androidx.work:work-runtime:2.7.1] AndroidManifest.xml:58:13-37
251
252        <receiver
252-->[androidx.work:work-runtime:2.7.1] AndroidManifest.xml:61:9-66:35
253            android:name="androidx.work.impl.utils.ForceStopRunnable$BroadcastReceiver"
253-->[androidx.work:work-runtime:2.7.1] AndroidManifest.xml:62:13-88
254            android:directBootAware="false"
254-->[androidx.work:work-runtime:2.7.1] AndroidManifest.xml:63:13-44
255            android:enabled="true"
255-->[androidx.work:work-runtime:2.7.1] AndroidManifest.xml:64:13-35
256            android:exported="false" />